[debug] [2023-03-19T16:18:26.890Z] ----------------------------------------------------------------------
[debug] [2023-03-19T16:18:26.892Z] Command:       C:\Program Files\nodejs\node.exe C:\Users\ajilk\AppData\Roaming\npm\node_modules\firebase-tools\lib\bin\firebase.js login
[debug] [2023-03-19T16:18:26.892Z] CLI Version:   11.24.1
[debug] [2023-03-19T16:18:26.892Z] Platform:      win32
[debug] [2023-03-19T16:18:26.892Z] Node Version:  v16.16.0
[debug] [2023-03-19T16:18:26.893Z] Time:          Sun Mar 19 2023 21:48:26 GMT+0530 (India Standard Time)
[debug] [2023-03-19T16:18:26.893Z] ----------------------------------------------------------------------
[debug] 
[info] i  Firebase optionally collects CLI and Emulator Suite usage and error reporting information to help improve our products. Data is collected in accordance with Google's privacy policy (https://policies.google.com/privacy) and is not used to identify you.
 
[info] 
[info] Visit this URL on this device to log in:
[info] https://accounts.google.com/o/oauth2/auth?client_id=563584335869-fgrhgmd47bqnekij5i8b5pr03ho849e6.apps.googleusercontent.com&scope=email%20openid%20https%3A%2F%2Fwww.googleapis.com%2Fauth%2Fcloudplatformprojects.readonly%20https%3A%2F%2Fwww.googleapis.com%2Fauth%2Ffirebase%20https%3A%2F%2Fwww.googleapis.com%2Fauth%2Fcloud-platform&response_type=code&state=972950948&redirect_uri=http%3A%2F%2Flocalhost%3A9005
[info] 
[info] Waiting for authentication...
[debug] [2023-03-19T16:18:32.569Z] Error: spawn cmd ENOENT
    at Process.ChildProcess._handle.onexit (node:internal/child_process:283:19)
    at onErrorNT (node:internal/child_process:478:16)
    at processTicksAndRejections (node:internal/process/task_queues:83:21)
[error] 
[error] Error: An unexpected error has occurred.
